<?xml version="1.0" encoding="UTF-8"?>
<robot generator="Robot 7.0 (Python 3.12.2 on win32)" generated="2024-03-14T17:05:41.467053" rpa="false" schemaversion="5">
<suite id="s1" name="Google Search" source="C:\Users\Administrator\Desktop\026\google_search.robot">
<test id="s1-t1" name="Search Google and Verify Results" line="13">
<kw name="Open Google">
<kw name="Open Browser" owner="SeleniumLibrary">
<msg time="2024-03-14T17:05:41.604751" level="INFO">Opening browser 'Chrome' to base url 'https://www.google.com'.</msg>
<arg>https://www.google.com</arg>
<arg>${BROWSER}</arg>
<doc>Opens a new browser instance to the optional ``url``.</doc>
<status status="PASS" start="2024-03-14T17:05:41.604751" elapsed="2.048012"/>
</kw>
<status status="PASS" start="2024-03-14T17:05:41.603727" elapsed="2.049036"/>
</kw>
<kw name="Input Search Term">
<msg time="2024-03-14T17:05:43.654757" level="FAIL">No keyword with name 'Input Search Term' found.</msg>
<status status="FAIL" start="2024-03-14T17:05:43.654757" elapsed="0.000000">No keyword with name 'Input Search Term' found.</status>
</kw>
<kw name="Press Enter Google Search">
<status status="NOT RUN" start="2024-03-14T17:05:43.654757" elapsed="0.000000"/>
</kw>
<kw name="Verify Search Results">
<status status="NOT RUN" start="2024-03-14T17:05:43.654757" elapsed="0.000000"/>
</kw>
<kw name="Close Browser" owner="SeleniumLibrary">
<doc>Closes the current browser.</doc>
<status status="NOT RUN" start="2024-03-14T17:05:43.655754" elapsed="0.000000"/>
</kw>
<doc>Test case to search Google and verify results</doc>
<status status="FAIL" start="2024-03-14T17:05:41.603727" elapsed="2.052027">No keyword with name 'Input Search Term' found.</status>
</test>
<test id="s1-t2" name="Search Google and Verify Results-2" line="21">
<kw name="Open Google">
<kw name="Open Browser" owner="SeleniumLibrary">
<msg time="2024-03-14T17:05:43.656752" level="INFO">Opening browser 'Chrome' to base url 'https://www.google.com'.</msg>
<arg>https://www.google.com</arg>
<arg>${BROWSER}</arg>
<doc>Opens a new browser instance to the optional ``url``.</doc>
<status status="PASS" start="2024-03-14T17:05:43.656752" elapsed="2.277867"/>
</kw>
<status status="PASS" start="2024-03-14T17:05:43.656752" elapsed="2.277867"/>
</kw>
<kw name="Input Search Term">
<msg time="2024-03-14T17:05:45.936613" level="FAIL">No keyword with name 'Input Search Term' found.</msg>
<status status="FAIL" start="2024-03-14T17:05:45.936613" elapsed="0.000000">No keyword with name 'Input Search Term' found.</status>
</kw>
<kw name="Press Enter Google Search">
<status status="NOT RUN" start="2024-03-14T17:05:45.937610" elapsed="0.000000"/>
</kw>
<kw name="Verify Search Results-2">
<status status="NOT RUN" start="2024-03-14T17:05:45.938607" elapsed="0.000000"/>
</kw>
<kw name="Close Browser" owner="SeleniumLibrary">
<doc>Closes the current browser.</doc>
<status status="NOT RUN" start="2024-03-14T17:05:45.938607" elapsed="0.000000"/>
</kw>
<doc>Test case to search Google and verify results</doc>
<status status="FAIL" start="2024-03-14T17:05:43.656752" elapsed="2.282853">No keyword with name 'Input Search Term' found.</status>
</test>
<test id="s1-t3" name="Search Google Xpath" line="29">
<kw name="Open Google">
<kw name="Open Browser" owner="SeleniumLibrary">
<msg time="2024-03-14T17:05:45.940602" level="INFO">Opening browser 'Chrome' to base url 'https://www.google.com'.</msg>
<msg time="2024-03-14T17:05:51.324097" level="WARN">Keyword 'Capture Page Screenshot' could not be run on failure: Message: no such window: target window already closed
from unknown error: web view not found
  (Session info: chrome=122.0.6261.129)
Stacktrace:
	GetHandleVerifier [0x00007FF7B7F1AD02+56930]
	(No symbol) [0x00007FF7B7E8F602]
	(No symbol) [0x00007FF7B7D442E5]
	(No symbol) [0x00007FF7B7D21D4C]
	(No symbol) [0x00007FF7B7DB23F7]
	(No symbol) [0x00007FF7B7DC7891]
	(No symbol) [0x00007FF7B7DABA43]
	(No symbol) [0x00007FF7B7D7D438]
	(No symbol) [0x00007FF7B7D7E4D1]
	GetHandleVerifier [0x00007FF7B8296F8D+3711213]
	GetHandleVerifier [0x00007FF7B82F04CD+4077101]
	GetHandleVerifier [0x00007FF7B82E865F+4044735]
	GetHandleVerifier [0x00007FF7B7FB9736+706710]
	(No symbol) [0x00007FF7B7E9B8DF]
	(No symbol) [0x00007FF7B7E96AC4]
	(No symbol) [0x00007FF7B7E96C1C]
	(No symbol) [0x00007FF7B7E868D4]
	BaseThreadInitThunk [0x00007FF984377614+20]
	RtlUserThreadStart [0x00007FF9850026B1+33]
</msg>
<msg time="2024-03-14T17:05:51.326907" level="FAIL">SessionNotCreatedException: Message: session not created: Chrome failed to start: exited normally.
  (chrome not reachable)
  (The process started from chrome location C:\Program Files (x86)\Google\Chrome\Application\chrome.exe is no longer running, so ChromeDriver is assuming that Chrome has crashed.)
Stacktrace:
	GetHandleVerifier [0x00007FF7B7F1AD02+56930]
	(No symbol) [0x00007FF7B7E8F602]
	(No symbol) [0x00007FF7B7D442E5]
	(No symbol) [0x00007FF7B7D74628]
	(No symbol) [0x00007FF7B7D705D4]
	(No symbol) [0x00007FF7B7DB595F]
	(No symbol) [0x00007FF7B7DB54C0]
	(No symbol) [0x00007FF7B7DABA43]
	(No symbol) [0x00007FF7B7D7D438]
	(No symbol) [0x00007FF7B7D7E4D1]
	GetHandleVerifier [0x00007FF7B8296F8D+3711213]
	GetHandleVerifier [0x00007FF7B82F04CD+4077101]
	GetHandleVerifier [0x00007FF7B82E865F+4044735]
	GetHandleVerifier [0x00007FF7B7FB9736+706710]
	(No symbol) [0x00007FF7B7E9B8DF]
	(No symbol) [0x00007FF7B7E96AC4]
	(No symbol) [0x00007FF7B7E96C1C]
	(No symbol) [0x00007FF7B7E868D4]
	BaseThreadInitThunk [0x00007FF984377614+20]
	RtlUserThreadStart [0x00007FF9850026B1+33]
</msg>
<arg>https://www.google.com</arg>
<arg>${BROWSER}</arg>
<doc>Opens a new browser instance to the optional ``url``.</doc>
<status status="FAIL" start="2024-03-14T17:05:45.940602" elapsed="5.388300">SessionNotCreatedException: Message: session not created: Chrome failed to start: exited normally.
  (chrome not reachable)
  (The process started from chrome location C:\Program Files (x86)\Google\Chrome\Application\chrome.exe is no longer running, so ChromeDriver is assuming that Chrome has crashed.)
Stacktrace:
	GetHandleVerifier [0x00007FF7B7F1AD02+56930]
	(No symbol) [0x00007FF7B7E8F602]
	(No symbol) [0x00007FF7B7D442E5]
	(No symbol) [0x00007FF7B7D74628]
	(No symbol) [0x00007FF7B7D705D4]
	(No symbol) [0x00007FF7B7DB595F]
	(No symbol) [0x00007FF7B7DB54C0]
	(No symbol) [0x00007FF7B7DABA43]
	(No symbol) [0x00007FF7B7D7D438]
	(No symbol) [0x00007FF7B7D7E4D1]
	GetHandleVerifier [0x00007FF7B8296F8D+3711213]
	GetHandleVerifier [0x00007FF7B82F04CD+4077101]
	GetHandleVerifier [0x00007FF7B82E865F+4044735]
	GetHandleVerifier [0x00007FF7B7FB9736+706710]
	(No symbol) [0x00007FF7B7E9B8DF]
	(No symbol) [0x00007FF7B7E96AC4]
	(No symbol) [0x00007FF7B7E96C1C]
	(No symbol) [0x00007FF7B7E868D4]
	BaseThreadInitThunk [0x00007FF984377614+20]
	RtlUserThreadStart [0x00007FF9850026B1+33]
</status>
</kw>
<status status="FAIL" start="2024-03-14T17:05:45.940602" elapsed="5.388300">SessionNotCreatedException: Message: session not created: Chrome failed to start: exited normally.
  (chrome not reachable)
  (The process started from chrome location C:\Program Files (x86)\Google\Chrome\Application\chrome.exe is no longer running, so ChromeDriver is assuming that Chrome has crashed.)
Stacktrace:
	GetHandleVerifier [0x00007FF7B7F1AD02+56930]
	(No symbol) [0x00007FF7B7E8F602]
	(No symbol) [0x00007FF7B7D442E5]
	(No symbol) [0x00007FF7B7D74628]
	(No symbol) [0x00007FF7B7D705D4]
	(No symbol) [0x00007FF7B7DB595F]
	(No symbol) [0x00007FF7B7DB54C0]
	(No symbol) [0x00007FF7B7DABA43]
	(No symbol) [0x00007FF7B7D7D438]
	(No symbol) [0x00007FF7B7D7E4D1]
	GetHandleVerifier [0x00007FF7B8296F8D+3711213]
	GetHandleVerifier [0x00007FF7B82F04CD+4077101]
	GetHandleVerifier [0x00007FF7B82E865F+4044735]
	GetHandleVerifier [0x00007FF7B7FB9736+706710]
	(No symbol) [0x00007FF7B7E9B8DF]
	(No symbol) [0x00007FF7B7E96AC4]
	(No symbol) [0x00007FF7B7E96C1C]
	(No symbol) [0x00007FF7B7E868D4]
	BaseThreadInitThunk [0x00007FF984377614+20]
	RtlUserThreadStart [0x00007FF9850026B1+33]
</status>
</kw>
<kw name="Input Search Google Xpath Term">
<status status="NOT RUN" start="2024-03-14T17:05:51.329899" elapsed="0.000000"/>
</kw>
<kw name="Press Enter Google Xpath Search">
<status status="NOT RUN" start="2024-03-14T17:05:51.330896" elapsed="0.000000"/>
</kw>
<kw name="Verify Search Results-3">
<status status="NOT RUN" start="2024-03-14T17:05:51.331893" elapsed="0.000000"/>
</kw>
<kw name="Close Browser" owner="SeleniumLibrary">
<doc>Closes the current browser.</doc>
<status status="NOT RUN" start="2024-03-14T17:05:51.331893" elapsed="0.000000"/>
</kw>
<doc>Test case to search Google and verify results</doc>
<status status="FAIL" start="2024-03-14T17:05:45.939605" elapsed="5.393286">SessionNotCreatedException: Message: session not created: Chrome failed to start: exited normally.
  (chrome not reachable)
  (The process started from chrome location C:\Program Files (x86)\Google\Chrome\Application\chrome.exe is no longer running, so ChromeDriver is assuming that Chrome has crashed.)
Stacktrace:
	GetHandleVerifier [0x00007FF7B7F1AD02+56930]
	(No symbol) [0x00007FF7B7E8F602]
	(No symbol) [0x00007FF7B7D442E5]
	(No symbol) [0x00007FF7B7D74628]
	(No symbol) [0x00007FF7B7D705D4]
	(No symbol) [0x00007FF7B7DB595F]
	(No symbol) [0x00007FF7B7DB54C0]
	(No symbol) [0x00007FF7B7DABA43]
	(No symbol) [0x00007FF7B7D7D438]
	(No symbol) [0x00007FF7B7D7E4D1]
	GetHandleVerifier [0x00007FF7B8296F8D+3711213]
	GetHandleVerifier [0x00007FF7B82F04CD+4077101]
	GetHandleVerifier [0x00007FF7B82E865F+4044735]
	GetHandleVerifier [0x00007FF7B7FB9736+706710]
	(No symbol) [0x00007FF7B7E9B8DF]
	(No symbol) [0x00007FF7B7E96AC4]
	(No symbol) [0x00007FF7B7E96C1C]
	(No symbol) [0x00007FF7B7E868D4]
	BaseThreadInitThunk [0x00007FF984377614+20]
	RtlUserThreadStart [0x00007FF9850026B1+33]
</status>
</test>
<test id="s1-t4" name="Search Yahoo and Verify Results" line="40">
<kw name="Open Yahoo">
<kw name="Open Browser" owner="SeleniumLibrary">
<msg time="2024-03-14T17:05:51.335175" level="INFO">Opening browser 'Chrome' to base url 'https://www.yahoo.com'.</msg>
<arg>https://www.yahoo.com</arg>
<arg>${BROWSER}</arg>
<doc>Opens a new browser instance to the optional ``url``.</doc>
<status status="PASS" start="2024-03-14T17:05:51.335175" elapsed="3.434396"/>
</kw>
<status status="PASS" start="2024-03-14T17:05:51.335175" elapsed="3.435392"/>
</kw>
<kw name="Input Search Term">
<msg time="2024-03-14T17:05:54.771564" level="FAIL">No keyword with name 'Input Search Term' found.</msg>
<status status="FAIL" start="2024-03-14T17:05:54.771564" elapsed="0.000000">No keyword with name 'Input Search Term' found.</status>
</kw>
<kw name="Press Enter Yahoo Search">
<status status="NOT RUN" start="2024-03-14T17:05:54.772561" elapsed="0.000000"/>
</kw>
<kw name="Verify Search Results">
<status status="NOT RUN" start="2024-03-14T17:05:54.772561" elapsed="0.000000"/>
</kw>
<kw name="Close Browser" owner="SeleniumLibrary">
<doc>Closes the current browser.</doc>
<status status="NOT RUN" start="2024-03-14T17:05:54.772561" elapsed="0.000000"/>
</kw>
<doc>Test case to search Yahoo and verify results</doc>
<status status="FAIL" start="2024-03-14T17:05:51.334183" elapsed="3.438378">No keyword with name 'Input Search Term' found.</status>
</test>
<status status="FAIL" start="2024-03-14T17:05:41.468051" elapsed="13.305508"/>
</suite>
<statistics>
<total>
<stat pass="0" fail="4" skip="0">All Tests</stat>
</total>
<tag>
</tag>
<suite>
<stat pass="0" fail="4" skip="0" id="s1" name="Google Search">Google Search</stat>
</suite>
</statistics>
<errors>
<msg time="2024-03-14T17:05:51.324097" level="WARN">Keyword 'Capture Page Screenshot' could not be run on failure: Message: no such window: target window already closed
from unknown error: web view not found
  (Session info: chrome=122.0.6261.129)
Stacktrace:
	GetHandleVerifier [0x00007FF7B7F1AD02+56930]
	(No symbol) [0x00007FF7B7E8F602]
	(No symbol) [0x00007FF7B7D442E5]
	(No symbol) [0x00007FF7B7D21D4C]
	(No symbol) [0x00007FF7B7DB23F7]
	(No symbol) [0x00007FF7B7DC7891]
	(No symbol) [0x00007FF7B7DABA43]
	(No symbol) [0x00007FF7B7D7D438]
	(No symbol) [0x00007FF7B7D7E4D1]
	GetHandleVerifier [0x00007FF7B8296F8D+3711213]
	GetHandleVerifier [0x00007FF7B82F04CD+4077101]
	GetHandleVerifier [0x00007FF7B82E865F+4044735]
	GetHandleVerifier [0x00007FF7B7FB9736+706710]
	(No symbol) [0x00007FF7B7E9B8DF]
	(No symbol) [0x00007FF7B7E96AC4]
	(No symbol) [0x00007FF7B7E96C1C]
	(No symbol) [0x00007FF7B7E868D4]
	BaseThreadInitThunk [0x00007FF984377614+20]
	RtlUserThreadStart [0x00007FF9850026B1+33]
</msg>
</errors>
</robot>
